<?xml version="1.0" encoding="UTF-8"?><testsuites time="0.647"><testsuite name="home page" tests="4" failures="0" errors="0" time="0.647" timestamp="2014-05-29T23:49:12.153Z" package="test/front-end/acceptance/home_test"><testcase name="HTTP status code is: 200" classname="test/front-end/acceptance/home_test" time="0.586"></testcase><testcase name="title is LessTravelled" classname="test/front-end/acceptance/home_test" time="0.02"></testcase><testcase name="Find &quot;How many miles&quot; within the selector &quot;p&quot;" classname="test/front-end/acceptance/home_test" time="0.022"></testcase><testcase name="Find an element matching: .advanced-button" classname="test/front-end/acceptance/home_test" time="0.019"></testcase><system-out></system-out></testsuite></testsuites>